<?xml version="1.0" encoding="UTF-8"?>
<!-- Generated by org.testng.reporters.JUnitReportReporter -->
<testsuite skipped="0" hostname="DESKTOP-JUVN070" name="testCases.Read_A_Product" tests="1" failures="0" timestamp="2022-02-24T14:08:13 CST" time="2.290" errors="0">
  <testcase name="read_a_product" time="2.290" classname="testCases.Read_A_Product"/>
  <system-out/>
</testsuite> <!-- testCases.Read_A_Product -->
