<?xml version="1.0" encoding="UTF-8"?>
<!-- Generated by org.testng.reporters.JUnitReportReporter -->
<testsuite skipped="0" hostname="DESKTOP-JUVN070" name="testCases.Update_A_Product" tests="1" failures="0" timestamp="2022-02-24T15:00:10 CST" time="1.835" errors="0">
  <testcase name="Update_a_product" time="1.835" classname="testCases.Update_A_Product"/>
  <system-out/>
</testsuite> <!-- testCases.Update_A_Product -->
