<?xml version="1.0" encoding="UTF-8"?>
<!-- Generated by org.testng.reporters.JUnitReportReporter -->
<testsuite skipped="0" hostname="DESKTOP-JUVN070" name="testCases.Delete_A_Product" tests="2" failures="0" timestamp="2022-02-24T15:23:04 CST" time="2.905" errors="0">
  <testcase name="read_a_product" time="0.785" classname="testCases.Delete_A_Product"/>
  <system-out/>
  <testcase name="Delete_a_product" time="2.120" classname="testCases.Delete_A_Product"/>
  <system-out/>
</testsuite> <!-- testCases.Delete_A_Product -->
