<?xml version="1.0" encoding="UTF-8"?>
<!-- Generated by org.testng.reporters.JUnitReportReporter -->
<testsuite skipped="0" hostname="DESKTOP-JUVN070" name="testCases.Create_A_Products" tests="1" failures="0" timestamp="2022-02-23T09:35:15 CST" time="2.231" errors="0">
  <testcase name="create_a_product" time="2.231" classname="testCases.Create_A_Products"/>
  <system-out/>
</testsuite> <!-- testCases.Create_A_Products -->
