<?xml version="1.0" encoding="UTF-8"?>
<!-- Generated by org.testng.reporters.JUnitReportReporter -->
<testsuite skipped="0" hostname="DESKTOP-JUVN070" name="testCases.Read_All_Products" tests="1" failures="0" timestamp="2022-02-23T09:36:29 CST" time="1.750" errors="0">
  <testcase name="read_all_product" time="1.750" classname="testCases.Read_All_Products"/>
  <system-out/>
</testsuite> <!-- testCases.Read_All_Products -->
